0 info it worked if it ends with ok
1 verbose cli [ '/usr/bin/nodejs', '/usr/bin/npm', 'run', 'push' ]
2 info using npm@3.10.9
3 info using node@v6.9.2
4 verbose run-script [ 'prepush', 'push', 'postpush' ]
5 info lifecycle europauto@1.1.0~prepush: europauto@1.1.0
6 silly lifecycle europauto@1.1.0~prepush: no script for prepush, continuing
7 info lifecycle europauto@1.1.0~push: europauto@1.1.0
8 verbose lifecycle europauto@1.1.0~push: unsafe-perm in lifecycle true
9 verbose lifecycle europauto@1.1.0~push: PATH: /usr/lib/node_modules/npm/bin/node-gyp-bin:/home/medonomator/Desktop/ReactProject/node_modules/.bin:/usr/local/sbin:/usr/local/bin:/usr/sbin:/usr/bin:/sbin:/bin:/usr/games:/usr/local/games
10 verbose lifecycle europauto@1.1.0~push: CWD: /home/medonomator/Desktop/ReactProject
11 silly lifecycle europauto@1.1.0~push: Args: [ '-c',
11 silly lifecycle   'git add . && git commit -m \'rush to push\' && git push -u origin master' ]
12 silly lifecycle europauto@1.1.0~push: Returned: code: 1  signal: null
13 info lifecycle europauto@1.1.0~push: Failed to exec push script
14 verbose stack Error: europauto@1.1.0 push: `git add . && git commit -m 'rush to push' && git push -u origin master`
14 verbose stack Exit status 1
14 verbose stack     at EventEmitter.<anonymous> (/usr/lib/node_modules/npm/lib/utils/lifecycle.js:255:16)
14 verbose stack     at emitTwo (events.js:106:13)
14 verbose stack     at EventEmitter.emit (events.js:191:7)
14 verbose stack     at ChildProcess.<anonymous> (/usr/lib/node_modules/npm/lib/utils/spawn.js:40:14)
14 verbose stack     at emitTwo (events.js:106:13)
14 verbose stack     at ChildProcess.emit (events.js:191:7)
14 verbose stack     at maybeClose (internal/child_process.js:877:16)
14 verbose stack     at Process.ChildProcess._handle.onexit (internal/child_process.js:226:5)
15 verbose pkgid europauto@1.1.0
16 verbose cwd /home/medonomator/Desktop/ReactProject
17 error Linux 3.13.0-24-generic
18 error argv "/usr/bin/nodejs" "/usr/bin/npm" "run" "push"
19 error node v6.9.2
20 error npm  v3.10.9
21 error code ELIFECYCLE
22 error europauto@1.1.0 push: `git add . && git commit -m 'rush to push' && git push -u origin master`
22 error Exit status 1
23 error Failed at the europauto@1.1.0 push script 'git add . && git commit -m 'rush to push' && git push -u origin master'.
23 error Make sure you have the latest version of node.js and npm installed.
23 error If you do, this is most likely a problem with the europauto package,
23 error not with npm itself.
23 error Tell the author that this fails on your system:
23 error     git add . && git commit -m 'rush to push' && git push -u origin master
23 error You can get information on how to open an issue for this project with:
23 error     npm bugs europauto
23 error Or if that isn't available, you can get their info via:
23 error     npm owner ls europauto
23 error There is likely additional logging output above.
24 verbose exit [ 1, true ]
